Hint: You are currently not seeing messages from other users and the system.
      Users in groups 'adm', 'systemd-journal' can see all messages.
      Pass -q to turn off this notice.
✔ Log stored securely
✔ Log stored securely
✔ Log stored securely
✔ Log stored securely
✔ Log stored securely
✔ Log stored securely
✔ Log stored securely
✔ Log stored securely
✔ Log stored securely
✔ Log stored securely
✔ Log stored securely
✔ Log stored securely
✔ Log stored securely
✔ Log stored securely
✔ Log stored securely
✔ Log stored securely
✔ Log stored securely
✔ Log stored securely
✔ Log stored securely
✔ Log stored securely
✔ Log stored securely
✔ Log stored securely
✔ Log stored securely
✔ Log stored securely
✔ Log stored securely
✔ Log stored securely
✔ Log stored securely
✔ Log stored securely
✔ Log stored securely
✔ Log stored securely
✔ Log stored securely
✔ Log stored securely
✔ Log stored securely
✔ Log stored securely
✔ Log stored securely
✔ Log stored securely
✔ Log stored securely
✔ Log stored securely
✔ Log stored securely
✔ Log stored securely
✔ Log stored securely
✔ Log stored securely
✔ Log stored securely
✔ Log stored securely
✔ Log stored securely
✔ Log stored securely
✔ Log stored securely
✔ Log stored securely
✔ Log stored securely
✔ Log stored securely
✔ Log stored securely
✔ Log stored securely
✔ Log stored securely
✔ Log stored securely
✔ Log stored securely
✔ Log stored securely
✔ Log stored securely
✔ Log stored securely
✔ Log stored securely
✔ Log stored securely
✔ Log stored securely
✔ Log stored securely
✔ Log stored securely
✔ Log stored securely
✔ Log stored securely
✔ Log stored securely
✔ Log stored securely
✔ Log stored securely
✔ Log stored securely
✔ Log stored securely
✔ Log stored securely
✔ Log stored securely
✔ Log stored securely
✔ Log stored securely
✔ Log stored securely
✔ Log stored securely
✔ Log stored securely
✔ Log stored securely
✔ Log stored securely
✔ Log stored securely
✔ Log stored securely
✔ Log stored securely
✔ Log stored securely
✔ Log stored securely
✔ Log stored securely
✔ Log stored securely
✔ Log stored securely
✔ Log stored securely
✔ Log stored securely
✔ Log stored securely
✔ Log stored securely
✔ Log stored securely
✔ Log stored securely
✔ Log stored securely
✔ Log stored securely
✔ Log stored securely
✔ Log stored securely
✔ Log stored securely
✔ Log stored securely
✔ Log stored securely
✔ Log chain verified successfully
✅ Run completed at Fri Jan 30 02:03:06 AM EST 2026
Hint: You are currently not seeing messages from other users and the system.
      Users in groups 'adm', 'systemd-journal' can see all messages.
      Pass -q to turn off this notice.
✔ Log stored securely
✔ Log stored securely
✔ Log stored securely
✔ Log stored securely
✔ Log stored securely
✔ Log stored securely
✔ Log stored securely
✔ Log stored securely
✔ Log stored securely
✔ Log stored securely
✔ Log stored securely
✔ Log stored securely
✔ Log stored securely
✔ Log stored securely
✔ Log stored securely
✔ Log stored securely
✔ Log stored securely
✔ Log stored securely
✔ Log stored securely
✔ Log stored securely
✔ Log stored securely
✔ Log stored securely
✔ Log stored securely
✔ Log stored securely
✔ Log stored securely
✔ Log stored securely
✔ Log stored securely
✔ Log stored securely
✔ Log stored securely
✔ Log stored securely
✔ Log stored securely
✔ Log stored securely
✔ Log stored securely
✔ Log stored securely
✔ Log stored securely
✔ Log stored securely
✔ Log stored securely
✔ Log stored securely
✔ Log stored securely
✔ Log stored securely
✔ Log stored securely
✔ Log stored securely
✔ Log stored securely
✔ Log stored securely
✔ Log stored securely
✔ Log stored securely
✔ Log stored securely
✔ Log stored securely
✔ Log stored securely
✔ Log stored securely
✔ Log stored securely
✔ Log stored securely
✔ Log stored securely
✔ Log stored securely
✔ Log stored securely
✔ Log stored securely
✔ Log stored securely
✔ Log stored securely
✔ Log stored securely
✔ Log stored securely
✔ Log stored securely
✔ Log stored securely
✔ Log stored securely
✔ Log stored securely
✔ Log stored securely
✔ Log stored securely
✔ Log stored securely
✔ Log stored securely
✔ Log stored securely
✔ Log stored securely
✔ Log stored securely
✔ Log stored securely
✔ Log stored securely
✔ Log stored securely
✔ Log stored securely
✔ Log stored securely
✔ Log stored securely
✔ Log stored securely
✔ Log stored securely
✔ Log stored securely
✔ Log stored securely
✔ Log stored securely
✔ Log stored securely
✔ Log stored securely
✔ Log stored securely
✔ Log stored securely
✔ Log stored securely
✔ Log stored securely
✔ Log stored securely
✔ Log stored securely
✔ Log stored securely
✔ Log stored securely
✔ Log stored securely
✔ Log stored securely
✔ Log stored securely
✔ Log stored securely
✔ Log stored securely
✔ Log stored securely
✔ Log stored securely
✔ Log stored securely
✔ Log chain verified successfully
✅ Run completed at Fri Jan 30 02:25:56 AM EST 2026
Hint: You are currently not seeing messages from other users and the system.
      Users in groups 'adm', 'systemd-journal' can see all messages.
      Pass -q to turn off this notice.
✔ Log stored securely
✔ Log stored securely
✔ Log stored securely
✔ Log stored securely
✔ Log stored securely
✔ Log stored securely
✔ Log stored securely
✔ Log stored securely
✔ Log stored securely
✔ Log stored securely
✔ Log stored securely
✔ Log stored securely
✔ Log stored securely
✔ Log stored securely
✔ Log stored securely
✔ Log stored securely
✔ Log stored securely
✔ Log stored securely
✔ Log stored securely
✔ Log stored securely
✔ Log stored securely
✔ Log stored securely
✔ Log stored securely
✔ Log stored securely
✔ Log stored securely
✔ Log stored securely
✔ Log stored securely
✔ Log stored securely
✔ Log stored securely
✔ Log stored securely
✔ Log stored securely
✔ Log stored securely
✔ Log stored securely
✔ Log stored securely
✔ Log stored securely
✔ Log stored securely
✔ Log stored securely
✔ Log stored securely
✔ Log stored securely
✔ Log stored securely
✔ Log stored securely
✔ Log stored securely
✔ Log stored securely
✔ Log stored securely
✔ Log stored securely
✔ Log stored securely
✔ Log stored securely
✔ Log stored securely
✔ Log stored securely
✔ Log stored securely
✔ Log stored securely
✔ Log stored securely
✔ Log stored securely
✔ Log stored securely
✔ Log stored securely
✔ Log stored securely
✔ Log stored securely
✔ Log stored securely
✔ Log stored securely
✔ Log stored securely
✔ Log stored securely
✔ Log stored securely
✔ Log stored securely
✔ Log stored securely
✔ Log stored securely
✔ Log stored securely
✔ Log stored securely
✔ Log stored securely
✔ Log stored securely
✔ Log stored securely
✔ Log stored securely
✔ Log stored securely
✔ Log stored securely
✔ Log stored securely
✔ Log stored securely
✔ Log stored securely
✔ Log stored securely
✔ Log stored securely
✔ Log stored securely
✔ Log stored securely
✔ Log stored securely
✔ Log stored securely
✔ Log stored securely
✔ Log stored securely
✔ Log stored securely
✔ Log stored securely
✔ Log stored securely
✔ Log stored securely
✔ Log stored securely
✔ Log stored securely
✔ Log stored securely
✔ Log stored securely
✔ Log stored securely
✔ Log stored securely
✔ Log stored securely
✔ Log stored securely
✔ Log stored securely
✔ Log stored securely
✔ Log stored securely
✔ Log stored securely
✔ Log chain verified successfully
✅ Run completed at Fri Jan 30 02:33:55 AM EST 2026
✅ Run completed at Sat Jan 31 12:00:01 AM EST 2026
✅ Run completed at Sat Jan 31 12:39:17 AM EST 2026
✅ Run completed at Sat Feb 21 01:34:14 AM EST 2026
✅ Run completed at Sat Feb 21 01:36:21 AM EST 2026
